<?xml version="1.0" encoding="UTF-8"?>
<testng-results ignored="0" total="3" passed="1" failed="2" skipped="0">
  <reporter-output>
  </reporter-output>
  <suite started-at="2023-10-19T18:34:09 IST" name="Suite" finished-at="2023-10-19T18:34:20 IST" duration-ms="10709">
    <groups>
      <group name="cucumber">
        <method signature="TestRunner.newTest(io.cucumber.testng.PickleWrapper,io.cucumber.testng.FeatureWrapper)[pri:0, instance:com.flight.testRunner.TestRunner@1534f01b]" name="newTest" class="com.flight.testRunner.TestRunner"/>
        <method signature="TestRunner.newTest(io.cucumber.testng.PickleWrapper,io.cucumber.testng.FeatureWrapper)[pri:0, instance:com.flight.testRunner.TestRunner@19bb07ed]" name="newTest" class="com.flight.testRunner.TestRunner"/>
        <method signature="TestRunner.newTest(io.cucumber.testng.PickleWrapper,io.cucumber.testng.FeatureWrapper)[pri:0, instance:com.flight.testRunner.TestRunner@2667f029]" name="newTest" class="com.flight.testRunner.TestRunner"/>
      </group> <!-- cucumber -->
    </groups>
    <test started-at="2023-10-19T18:34:09 IST" name="flight test 2" finished-at="2023-10-19T18:34:20 IST" duration-ms="10709">
      <class name="com.flight.testRunner.TestRunner">
        <test-method is-config="true" signature="setUpBrowser(java.lang.String)[pri:0, instance:com.flight.testRunner.TestRunner@19bb07ed]" started-at="2023-10-19T18:34:09 IST" name="setUpBrowser" finished-at="2023-10-19T18:34:09 IST" duration-ms="23" status="PASS">
          <params>
            <param index="0">
              <value>
                <![CDATA[Edge]]>
              </value>
            </param>
          </params>
          <reporter-output>
          </reporter-output>
        </test-method> <!-- setUpBrowser -->
        <test-method is-config="true" signature="setUpClass()[pri:0, instance:com.flight.testRunner.TestRunner@19bb07ed]" started-at="2023-10-19T18:34:09 IST" name="setUpClass" finished-at="2023-10-19T18:34:09 IST" duration-ms="249" status="PASS">
          <reporter-output>
          </reporter-output>
        </test-method> <!-- setUpClass -->
        <test-method signature="newTest(io.cucumber.testng.PickleWrapper,io.cucumber.testng.FeatureWrapper)[pri:0, instance:com.flight.testRunner.TestRunner@19bb07ed]" started-at="2023-10-19T18:34:09 IST" name="newTest" description="new Test" data-provider="scenarios" finished-at="2023-10-19T18:34:20 IST" duration-ms="10396" status="PASS">
          <params>
            <param index="0">
              <value>
                <![CDATA["Search flight for Delhi to pune"]]>
              </value>
            </param>
            <param index="1">
              <value>
                <![CDATA["Search a flight"]]>
              </value>
            </param>
          </params>
          <reporter-output>
          </reporter-output>
        </test-method> <!-- newTest -->
        <test-method is-config="true" signature="tearDownClass()[pri:0, instance:com.flight.testRunner.TestRunner@19bb07ed]" started-at="2023-10-19T18:34:20 IST" name="tearDownClass" finished-at="2023-10-19T18:34:20 IST" duration-ms="1" status="PASS">
          <reporter-output>
          </reporter-output>
        </test-method> <!-- tearDownClass -->
      </class> <!-- com.flight.testRunner.TestRunner -->
    </test> <!-- flight test 2 -->
    <test started-at="2023-10-19T18:34:09 IST" name="flight test 3" finished-at="2023-10-19T18:34:20 IST" duration-ms="10709">
      <class name="com.flight.testRunner.TestRunner">
        <test-method is-config="true" signature="setUpBrowser(java.lang.String)[pri:0, instance:com.flight.testRunner.TestRunner@2667f029]" started-at="2023-10-19T18:34:09 IST" name="setUpBrowser" finished-at="2023-10-19T18:34:09 IST" duration-ms="23" status="PASS">
          <params>
            <param index="0">
              <value>
                <![CDATA[firefox]]>
              </value>
            </param>
          </params>
          <reporter-output>
          </reporter-output>
        </test-method> <!-- setUpBrowser -->
        <test-method is-config="true" signature="setUpClass()[pri:0, instance:com.flight.testRunner.TestRunner@2667f029]" started-at="2023-10-19T18:34:09 IST" name="setUpClass" finished-at="2023-10-19T18:34:09 IST" duration-ms="249" status="PASS">
          <reporter-output>
          </reporter-output>
        </test-method> <!-- setUpClass -->
        <test-method signature="newTest(io.cucumber.testng.PickleWrapper,io.cucumber.testng.FeatureWrapper)[pri:0, instance:com.flight.testRunner.TestRunner@2667f029]" started-at="2023-10-19T18:34:09 IST" name="newTest" description="new Test" data-provider="scenarios" finished-at="2023-10-19T18:34:20 IST" duration-ms="10384" status="FAIL">
          <params>
            <param index="0">
              <value>
                <![CDATA["Search flight for Delhi to pune"]]>
              </value>
            </param>
            <param index="1">
              <value>
                <![CDATA["Search a flight"]]>
              </value>
            </param>
          </params>
          <exception class="org.openqa.selenium.NoSuchSessionException">
            <message>
              <![CDATA[invalid session id
Build info: version: '4.12.1', revision: '8e34639b11'
System info: os.name: 'Windows 10', os.arch: 'amd64', os.version: '10.0', java.version: '17.0.8'
Driver info: org.openqa.selenium.remote.RemoteWebDriver
Command: [ff586f0475999778539629e88c36aba0, setTimeout {implicit=10000}]
Capabilities {acceptInsecureCerts: false, browserName: msedge, browserVersion: 118.0.2088.46, fedcm:accounts: true, ms:edgeOptions: {debuggerAddress: localhost:54099}, msedge: {msedgedriverVersion: 118.0.2088.46 (175bd6acfc46..., userDataDir: C:\Users\MONISH~1.SIN\AppDa...}, networkConnectionEnabled: false, pageLoadStrategy: normal, platformName: Windows 10, proxy: Proxy(), se:bidiEnabled: false, se:cdp: ws://192.168.106.150:4444/s..., se:cdpVersion: 118.0.2088.46, setWindowRect: true, strictFileInteractability: false, timeouts: {implicit: 0, pageLoad: 300000, script: 30000}, unhandledPromptBehavior: dismiss and notify, webauthn:extension:credBlob: true, webauthn:extension:largeBlob: true, webauthn:extension:minPinLength: true, webauthn:extension:prf: true, webauthn:virtualAuthenticators: true}
Session ID: ff586f0475999778539629e88c36aba0]]>
            </message>
            <full-stacktrace>
              <![CDATA[org.openqa.selenium.NoSuchSessionException: invalid session id
Build info: version: '4.12.1', revision: '8e34639b11'
System info: os.name: 'Windows 10', os.arch: 'amd64', os.version: '10.0', java.version: '17.0.8'
Driver info: org.openqa.selenium.remote.RemoteWebDriver
Command: [ff586f0475999778539629e88c36aba0, setTimeout {implicit=10000}]
Capabilities {acceptInsecureCerts: false, browserName: msedge, browserVersion: 118.0.2088.46, fedcm:accounts: true, ms:edgeOptions: {debuggerAddress: localhost:54099}, msedge: {msedgedriverVersion: 118.0.2088.46 (175bd6acfc46..., userDataDir: C:\Users\MONISH~1.SIN\AppDa...}, networkConnectionEnabled: false, pageLoadStrategy: normal, platformName: Windows 10, proxy: Proxy(), se:bidiEnabled: false, se:cdp: ws://192.168.106.150:4444/s..., se:cdpVersion: 118.0.2088.46, setWindowRect: true, strictFileInteractability: false, timeouts: {implicit: 0, pageLoad: 300000, script: 30000}, unhandledPromptBehavior: dismiss and notify, webauthn:extension:credBlob: true, webauthn:extension:largeBlob: true, webauthn:extension:minPinLength: true, webauthn:extension:prf: true, webauthn:virtualAuthenticators: true}
Session ID: ff586f0475999778539629e88c36aba0
at java.base/jdk.internal.reflect.NativeConstructorAccessorImpl.newInstance0(Native Method)
at java.base/jdk.internal.reflect.NativeConstructorAccessorImpl.newInstance(NativeConstructorAccessorImpl.java:77)
at java.base/jdk.internal.reflect.DelegatingConstructorAccessorImpl.newInstance(DelegatingConstructorAccessorImpl.java:45)
at java.base/java.lang.reflect.Constructor.newInstanceWithCaller(Constructor.java:499)
at java.base/java.lang.reflect.Constructor.newInstance(Constructor.java:480)
at org.openqa.selenium.remote.codec.w3c.W3CHttpResponseCodec.createException(W3CHttpResponseCodec.java:200)
at org.openqa.selenium.remote.codec.w3c.W3CHttpResponseCodec.decode(W3CHttpResponseCodec.java:133)
at org.openqa.selenium.remote.codec.w3c.W3CHttpResponseCodec.decode(W3CHttpResponseCodec.java:52)
at org.openqa.selenium.remote.HttpCommandExecutor.execute(HttpCommandExecutor.java:191)
at org.openqa.selenium.remote.TracedCommandExecutor.execute(TracedCommandExecutor.java:51)
at org.openqa.selenium.remote.RemoteWebDriver.execute(RemoteWebDriver.java:602)
at org.openqa.selenium.remote.RemoteWebDriver$RemoteWebDriverOptions$RemoteTimeouts.implicitlyWait(RemoteWebDriver.java:962)
at com.flight.testData.Comman.onStart(Comman.java:40)
]]>
            </full-stacktrace>
          </exception> <!-- org.openqa.selenium.NoSuchSessionException -->
          <reporter-output>
          </reporter-output>
        </test-method> <!-- newTest -->
        <test-method is-config="true" signature="tearDownClass()[pri:0, instance:com.flight.testRunner.TestRunner@2667f029]" started-at="2023-10-19T18:34:20 IST" name="tearDownClass" finished-at="2023-10-19T18:34:20 IST" duration-ms="1" status="PASS">
          <reporter-output>
          </reporter-output>
        </test-method> <!-- tearDownClass -->
      </class> <!-- com.flight.testRunner.TestRunner -->
    </test> <!-- flight test 3 -->
    <test started-at="2023-10-19T18:34:09 IST" name="flight test 1" finished-at="2023-10-19T18:34:20 IST" duration-ms="10709">
      <class name="com.flight.testRunner.TestRunner">
        <test-method is-config="true" signature="setUpBrowser(java.lang.String)[pri:0, instance:com.flight.testRunner.TestRunner@1534f01b]" started-at="2023-10-19T18:34:09 IST" name="setUpBrowser" finished-at="2023-10-19T18:34:09 IST" duration-ms="23" status="PASS">
          <params>
            <param index="0">
              <value>
                <![CDATA[Chrome]]>
              </value>
            </param>
          </params>
          <reporter-output>
          </reporter-output>
        </test-method> <!-- setUpBrowser -->
        <test-method is-config="true" signature="setUpClass()[pri:0, instance:com.flight.testRunner.TestRunner@1534f01b]" started-at="2023-10-19T18:34:09 IST" name="setUpClass" finished-at="2023-10-19T18:34:09 IST" duration-ms="249" status="PASS">
          <reporter-output>
          </reporter-output>
        </test-method> <!-- setUpClass -->
        <test-method signature="newTest(io.cucumber.testng.PickleWrapper,io.cucumber.testng.FeatureWrapper)[pri:0, instance:com.flight.testRunner.TestRunner@1534f01b]" started-at="2023-10-19T18:34:09 IST" name="newTest" description="new Test" data-provider="scenarios" finished-at="2023-10-19T18:34:20 IST" duration-ms="10384" status="FAIL">
          <params>
            <param index="0">
              <value>
                <![CDATA["Search flight for Delhi to pune"]]>
              </value>
            </param>
            <param index="1">
              <value>
                <![CDATA["Search a flight"]]>
              </value>
            </param>
          </params>
          <exception class="org.openqa.selenium.NoSuchSessionException">
            <message>
              <![CDATA[invalid session id
Build info: version: '4.12.1', revision: '8e34639b11'
System info: os.name: 'Windows 10', os.arch: 'amd64', os.version: '10.0', java.version: '17.0.8'
Driver info: org.openqa.selenium.remote.RemoteWebDriver
Command: [ff586f0475999778539629e88c36aba0, getTitle {}]
Capabilities {acceptInsecureCerts: false, browserName: msedge, browserVersion: 118.0.2088.46, fedcm:accounts: true, ms:edgeOptions: {debuggerAddress: localhost:54099}, msedge: {msedgedriverVersion: 118.0.2088.46 (175bd6acfc46..., userDataDir: C:\Users\MONISH~1.SIN\AppDa...}, networkConnectionEnabled: false, pageLoadStrategy: normal, platformName: Windows 10, proxy: Proxy(), se:bidiEnabled: false, se:cdp: ws://192.168.106.150:4444/s..., se:cdpVersion: 118.0.2088.46, setWindowRect: true, strictFileInteractability: false, timeouts: {implicit: 0, pageLoad: 300000, script: 30000}, unhandledPromptBehavior: dismiss and notify, webauthn:extension:credBlob: true, webauthn:extension:largeBlob: true, webauthn:extension:minPinLength: true, webauthn:extension:prf: true, webauthn:virtualAuthenticators: true}
Session ID: ff586f0475999778539629e88c36aba0]]>
            </message>
            <full-stacktrace>
              <![CDATA[org.openqa.selenium.NoSuchSessionException: invalid session id
Build info: version: '4.12.1', revision: '8e34639b11'
System info: os.name: 'Windows 10', os.arch: 'amd64', os.version: '10.0', java.version: '17.0.8'
Driver info: org.openqa.selenium.remote.RemoteWebDriver
Command: [ff586f0475999778539629e88c36aba0, getTitle {}]
Capabilities {acceptInsecureCerts: false, browserName: msedge, browserVersion: 118.0.2088.46, fedcm:accounts: true, ms:edgeOptions: {debuggerAddress: localhost:54099}, msedge: {msedgedriverVersion: 118.0.2088.46 (175bd6acfc46..., userDataDir: C:\Users\MONISH~1.SIN\AppDa...}, networkConnectionEnabled: false, pageLoadStrategy: normal, platformName: Windows 10, proxy: Proxy(), se:bidiEnabled: false, se:cdp: ws://192.168.106.150:4444/s..., se:cdpVersion: 118.0.2088.46, setWindowRect: true, strictFileInteractability: false, timeouts: {implicit: 0, pageLoad: 300000, script: 30000}, unhandledPromptBehavior: dismiss and notify, webauthn:extension:credBlob: true, webauthn:extension:largeBlob: true, webauthn:extension:minPinLength: true, webauthn:extension:prf: true, webauthn:virtualAuthenticators: true}
Session ID: ff586f0475999778539629e88c36aba0
at java.base/jdk.internal.reflect.NativeConstructorAccessorImpl.newInstance0(Native Method)
at java.base/jdk.internal.reflect.NativeConstructorAccessorImpl.newInstance(NativeConstructorAccessorImpl.java:77)
at java.base/jdk.internal.reflect.DelegatingConstructorAccessorImpl.newInstance(DelegatingConstructorAccessorImpl.java:45)
at java.base/java.lang.reflect.Constructor.newInstanceWithCaller(Constructor.java:499)
at java.base/java.lang.reflect.Constructor.newInstance(Constructor.java:480)
at org.openqa.selenium.remote.codec.w3c.W3CHttpResponseCodec.createException(W3CHttpResponseCodec.java:200)
at org.openqa.selenium.remote.codec.w3c.W3CHttpResponseCodec.decode(W3CHttpResponseCodec.java:133)
at org.openqa.selenium.remote.codec.w3c.W3CHttpResponseCodec.decode(W3CHttpResponseCodec.java:52)
at org.openqa.selenium.remote.HttpCommandExecutor.execute(HttpCommandExecutor.java:191)
at org.openqa.selenium.remote.TracedCommandExecutor.execute(TracedCommandExecutor.java:51)
at org.openqa.selenium.remote.RemoteWebDriver.execute(RemoteWebDriver.java:602)
at org.openqa.selenium.remote.RemoteWebDriver.execute(RemoteWebDriver.java:675)
at org.openqa.selenium.remote.RemoteWebDriver.execute(RemoteWebDriver.java:679)
at org.openqa.selenium.remote.RemoteWebDriver.getTitle(RemoteWebDriver.java:309)
at com.flight.stepdefinition.SearchStepDef.we_are_on_website_page(SearchStepDef.java:31)
at âœ½.we are on website page(file:///D:/Git/FlightBooking/flight/src/test/java/com/flight/feature/search.feature:4)
]]>
            </full-stacktrace>
          </exception> <!-- org.openqa.selenium.NoSuchSessionException -->
          <reporter-output>
          </reporter-output>
        </test-method> <!-- newTest -->
        <test-method is-config="true" signature="tearDownClass()[pri:0, instance:com.flight.testRunner.TestRunner@1534f01b]" started-at="2023-10-19T18:34:20 IST" name="tearDownClass" finished-at="2023-10-19T18:34:20 IST" duration-ms="1" status="PASS">
          <reporter-output>
          </reporter-output>
        </test-method> <!-- tearDownClass -->
      </class> <!-- com.flight.testRunner.TestRunner -->
    </test> <!-- flight test 1 -->
  </suite> <!-- Suite -->
</testng-results>
