<?xml version="1.0" encoding="UTF-8"?>
<testng-results ignored="0" total="3" passed="3" failed="0" skipped="0">
  <reporter-output>
  </reporter-output>
  <suite started-at="2023-10-20T09:53:08 IST" name="Suite" finished-at="2023-10-20T09:53:46 IST" duration-ms="38152">
    <groups>
      <group name="cucumber">
        <method signature="TestRunner.newTest(io.cucumber.testng.PickleWrapper,io.cucumber.testng.FeatureWrapper)[pri:0, instance:com.flight.testRunner.TestRunner@6a78afa0]" name="newTest" class="com.flight.testRunner.TestRunner"/>
        <method signature="TestRunner.newTest(io.cucumber.testng.PickleWrapper,io.cucumber.testng.FeatureWrapper)[pri:0, instance:com.flight.testRunner.TestRunner@8297b3a]" name="newTest" class="com.flight.testRunner.TestRunner"/>
        <method signature="TestRunner.newTest(io.cucumber.testng.PickleWrapper,io.cucumber.testng.FeatureWrapper)[pri:0, instance:com.flight.testRunner.TestRunner@4c178a76]" name="newTest" class="com.flight.testRunner.TestRunner"/>
      </group> <!-- cucumber -->
    </groups>
    <test started-at="2023-10-20T09:53:08 IST" name="flight test 1" finished-at="2023-10-20T09:53:19 IST" duration-ms="11315">
      <class name="com.flight.testRunner.TestRunner">
        <test-method is-config="true" signature="setUpBrowser(java.lang.String)[pri:0, instance:com.flight.testRunner.TestRunner@6a78afa0]" started-at="2023-10-20T09:53:08 IST" name="setUpBrowser" finished-at="2023-10-20T09:53:08 IST" duration-ms="13" status="PASS">
          <params>
            <param index="0">
              <value>
                <![CDATA[Chrome]]>
              </value>
            </param>
          </params>
          <reporter-output>
          </reporter-output>
        </test-method> <!-- setUpBrowser -->
        <test-method is-config="true" signature="setUpClass()[pri:0, instance:com.flight.testRunner.TestRunner@6a78afa0]" started-at="2023-10-20T09:53:08 IST" name="setUpClass" finished-at="2023-10-20T09:53:08 IST" duration-ms="147" status="PASS">
          <reporter-output>
          </reporter-output>
        </test-method> <!-- setUpClass -->
        <test-method signature="newTest(io.cucumber.testng.PickleWrapper,io.cucumber.testng.FeatureWrapper)[pri:0, instance:com.flight.testRunner.TestRunner@6a78afa0]" started-at="2023-10-20T09:53:08 IST" name="newTest" description="new Test" data-provider="scenarios" finished-at="2023-10-20T09:53:19 IST" duration-ms="11119" status="PASS">
          <params>
            <param index="0">
              <value>
                <![CDATA["Search flight for Delhi to pune"]]>
              </value>
            </param>
            <param index="1">
              <value>
                <![CDATA["Search a flight"]]>
              </value>
            </param>
          </params>
          <reporter-output>
          </reporter-output>
        </test-method> <!-- newTest -->
        <test-method is-config="true" signature="tearDownClass()[pri:0, instance:com.flight.testRunner.TestRunner@6a78afa0]" started-at="2023-10-20T09:53:19 IST" name="tearDownClass" finished-at="2023-10-20T09:53:19 IST" duration-ms="2" status="PASS">
          <reporter-output>
          </reporter-output>
        </test-method> <!-- tearDownClass -->
      </class> <!-- com.flight.testRunner.TestRunner -->
    </test> <!-- flight test 1 -->
    <test started-at="2023-10-20T09:53:19 IST" name="flight test 2" finished-at="2023-10-20T09:53:28 IST" duration-ms="8542">
      <class name="com.flight.testRunner.TestRunner">
        <test-method is-config="true" signature="setUpBrowser(java.lang.String)[pri:0, instance:com.flight.testRunner.TestRunner@8297b3a]" started-at="2023-10-20T09:53:19 IST" name="setUpBrowser" finished-at="2023-10-20T09:53:19 IST" duration-ms="1" status="PASS">
          <params>
            <param index="0">
              <value>
                <![CDATA[Edge]]>
              </value>
            </param>
          </params>
          <reporter-output>
          </reporter-output>
        </test-method> <!-- setUpBrowser -->
        <test-method is-config="true" signature="setUpClass()[pri:0, instance:com.flight.testRunner.TestRunner@8297b3a]" started-at="2023-10-20T09:53:19 IST" name="setUpClass" finished-at="2023-10-20T09:53:19 IST" duration-ms="11" status="PASS">
          <reporter-output>
          </reporter-output>
        </test-method> <!-- setUpClass -->
        <test-method signature="newTest(io.cucumber.testng.PickleWrapper,io.cucumber.testng.FeatureWrapper)[pri:0, instance:com.flight.testRunner.TestRunner@8297b3a]" started-at="2023-10-20T09:53:19 IST" name="newTest" description="new Test" data-provider="scenarios" finished-at="2023-10-20T09:53:28 IST" duration-ms="8522" status="PASS">
          <params>
            <param index="0">
              <value>
                <![CDATA["Search flight for Delhi to pune"]]>
              </value>
            </param>
            <param index="1">
              <value>
                <![CDATA["Search a flight"]]>
              </value>
            </param>
          </params>
          <reporter-output>
          </reporter-output>
        </test-method> <!-- newTest -->
        <test-method is-config="true" signature="tearDownClass()[pri:0, instance:com.flight.testRunner.TestRunner@8297b3a]" started-at="2023-10-20T09:53:28 IST" name="tearDownClass" finished-at="2023-10-20T09:53:28 IST" duration-ms="1" status="PASS">
          <reporter-output>
          </reporter-output>
        </test-method> <!-- tearDownClass -->
      </class> <!-- com.flight.testRunner.TestRunner -->
    </test> <!-- flight test 2 -->
    <test started-at="2023-10-20T09:53:28 IST" name="flight test 3" finished-at="2023-10-20T09:53:46 IST" duration-ms="18173">
      <class name="com.flight.testRunner.TestRunner">
        <test-method is-config="true" signature="setUpBrowser(java.lang.String)[pri:0, instance:com.flight.testRunner.TestRunner@4c178a76]" started-at="2023-10-20T09:53:28 IST" name="setUpBrowser" finished-at="2023-10-20T09:53:28 IST" duration-ms="1" status="PASS">
          <params>
            <param index="0">
              <value>
                <![CDATA[firefox]]>
              </value>
            </param>
          </params>
          <reporter-output>
          </reporter-output>
        </test-method> <!-- setUpBrowser -->
        <test-method is-config="true" signature="setUpClass()[pri:0, instance:com.flight.testRunner.TestRunner@4c178a76]" started-at="2023-10-20T09:53:28 IST" name="setUpClass" finished-at="2023-10-20T09:53:28 IST" duration-ms="13" status="PASS">
          <reporter-output>
          </reporter-output>
        </test-method> <!-- setUpClass -->
        <test-method signature="newTest(io.cucumber.testng.PickleWrapper,io.cucumber.testng.FeatureWrapper)[pri:0, instance:com.flight.testRunner.TestRunner@4c178a76]" started-at="2023-10-20T09:53:28 IST" name="newTest" description="new Test" data-provider="scenarios" finished-at="2023-10-20T09:53:46 IST" duration-ms="18155" status="PASS">
          <params>
            <param index="0">
              <value>
                <![CDATA["Search flight for Delhi to pune"]]>
              </value>
            </param>
            <param index="1">
              <value>
                <![CDATA["Search a flight"]]>
              </value>
            </param>
          </params>
          <reporter-output>
          </reporter-output>
        </test-method> <!-- newTest -->
        <test-method is-config="true" signature="tearDownClass()[pri:0, instance:com.flight.testRunner.TestRunner@4c178a76]" started-at="2023-10-20T09:53:46 IST" name="tearDownClass" finished-at="2023-10-20T09:53:46 IST" duration-ms="2" status="PASS">
          <reporter-output>
          </reporter-output>
        </test-method> <!-- tearDownClass -->
      </class> <!-- com.flight.testRunner.TestRunner -->
    </test> <!-- flight test 3 -->
  </suite> <!-- Suite -->
</testng-results>
